<?xml version="1.0" encoding="UTF-8"?>
<testng-results ignored="0" total="1" passed="1" failed="0" skipped="0">
  <reporter-output>
  </reporter-output>
  <suite started-at="2022-11-23T14:41:37 IST" name="Default suite" finished-at="2022-11-23T14:41:37 IST" duration-ms="44">
    <groups>
    </groups>
    <test started-at="2022-11-23T14:41:37 IST" name="Default test" finished-at="2022-11-23T14:41:37 IST" duration-ms="44">
      <class name="com.TestLayer.HelloGIt">
        <test-method signature="demo()[pri:0, instance:com.TestLayer.HelloGIt@795cd85e]" started-at="2022-11-23T14:41:37 IST" name="demo" finished-at="2022-11-23T14:41:37 IST" duration-ms="11" status="PASS">
          <reporter-output>
          </reporter-output>
        </test-method> <!-- demo -->
      </class> <!-- com.TestLayer.HelloGIt -->
    </test> <!-- Default test -->
  </suite> <!-- Default suite -->
</testng-results>
